\BOOKMARK [1][-]{section.1}{Introduction}{}% 1
\BOOKMARK [2][-]{subsection.1.1}{Description of tape}{section.1}% 2
\BOOKMARK [2][-]{subsection.1.2}{outline of previous research on the tape}{section.1}% 3
\BOOKMARK [2][-]{subsection.1.3}{Hypothesis}{section.1}% 4
\BOOKMARK [1][-]{section.2}{Problem statement}{}% 5
\BOOKMARK [2][-]{subsection.2.1}{Null Hypothesis}{section.2}% 6
\BOOKMARK [2][-]{subsection.2.2}{Make it easy for nonmathematicians.}{section.2}% 7
\BOOKMARK [1][-]{section.3}{Description of data format}{}% 8
\BOOKMARK [2][-]{subsection.3.1}{8 landmarks on thigh and triangulation in between}{section.3}% 9
\BOOKMARK [2][-]{subsection.3.2}{very noisy... topological issues. handles make the data unusable to the algorithms - assume topologically equivalent to disk}{section.3}% 10
\BOOKMARK [2][-]{subsection.3.3}{triangulations from MRI .}{section.3}% 11
\BOOKMARK [1][-]{section.4}{Landmark based methods}{}% 12
\BOOKMARK [2][-]{subsection.4.1}{Hotelling's t-test. }{section.4}% 13
\BOOKMARK [1][-]{section.5}{entire ROI based methods}{}% 14
\BOOKMARK [2][-]{subsection.5.1}{parameterize the surface}{section.5}% 15
\BOOKMARK [2][-]{subsection.5.2}{do statistics on the parameterized surface}{section.5}% 16
\BOOKMARK [2][-]{subsection.5.3}{work is still continuing}{section.5}% 17
\BOOKMARK [1][-]{section.6}{challenges/reflections/next steps}{}% 18
\BOOKMARK [2][-]{subsection.6.1}{challenges}{section.6}% 19
\BOOKMARK [2][-]{subsection.6.2}{next steps}{section.6}% 20
\BOOKMARK [1][-]{section.7}{Inquiry Statement}{}% 21
\BOOKMARK [1][-]{section.8}{Objectives/Methods}{}% 22
\BOOKMARK [2][-]{subsection.8.1}{Image Collection}{section.8}% 23
\BOOKMARK [2][-]{subsection.8.2}{Shape Analysis Methods}{section.8}% 24
\BOOKMARK [3][-]{subsubsection.8.2.1}{Literature Review}{subsection.8.2}% 25
\BOOKMARK [3][-]{subsubsection.8.2.2}{Choice of methods}{subsection.8.2}% 26
\BOOKMARK [3][-]{subsubsection.8.2.3}{Implementation}{subsection.8.2}% 27
